<?xml version="1.0" encoding="UTF-8"?>
<!DOCTYPE coverage SYSTEM "http://cobertura.sourceforge.net/xml/coverage-04.dtd">
<coverage line-rate="0.34330413" branch-rate="0" version="" timestamp="1785947376000" lines-covered="2743" lines-valid="7990" branches-covered="0" branches-valid="0" complexity="0">
  <sources>
    <source>/home/runner/work/scaleway-sdk-go/scaleway-sdk-go</source>
  </sources>
  <packages>
    <package name="github.com/scaleway/scaleway-sdk-go/api/container/v1beta1" line-rate="0.03133159" branch-rate="0" complexity="0">
      <classes>
        <class name="ContainerHTTPOption" filename="api/container/v1beta1/container_sdk.go" line-rate="0" branch-rate="0" complexity="0">
          <methods>
            <method name="String" signature="" line-rate="0" branch-rate="0" complexity="0">
              <lines>
                <line number="56" hits="0"></line>
                <line number="57" hits="0"></line>
                <line number="58" hits="0"></line>
                <line number="59" hits="0"></line>
                <line number="60" hits="0"></line>
                <line number="61" hits="0"></line>
              </lines>
            </method>
            <method name="Values" signature="" line-rate="0" branch-rate="0" complexity="0">
              <lines>
                <line number="64" hits="0"></line>
                <line number="65" hits="0"></line>
                <line number="66" hits="0"></line>
                <line number="67" hits="0"></line>
                <line number="68" hits="0"></line>
                <line number="69" hits="0"></line>
                <line number="70" hits="0"></line>
              </lines>
            </method>
            <method name="MarshalJSON" signature="" line-rate="0" branch-rate="0" complexity="0">
              <lines>
                <line number="72" hits="0"></line>
                <line number="73" hits="0"></line>
                <line number="74" hits="0"></line>
              </lines>
            </method>
            <method name="UnmarshalJSON" signature="" line-rate="0" branch-rate="0" complexity="0">
              <lines>
                <line number="76" hits="0"></line>
                <line number="77" hits="0"></line>
                <line number="78" hits="0"></line>
                <line number="79" hits="0"></line>
                <line number="80" hits="0"></line>
                <line number="81" hits="0"></line>
                <line number="83" hits="0"></line>
                <line number="84" hits="0"></line>
              </lines>
            </method>
          </methods>
          <lines>
            <line number="56" hits="0"></line>
            <line number="57" hits="0"></line>
            <line number="58" hits="0"></line>
            <line number="59" hits="0"></line>
            <line number="60" hits="0"></line>
            <line number="61" hits="0"></line>
            <line number="64" hits="0"></line>
            <line number="65" hits="0"></line>
            <line number="66" hits="0"></line>
            <line number="67" hits="0"></line>
            <line number="68" hits="0"></line>
            <line number="69" hits="0"></line>
            <line number="70" hits="0"></line>
            <line number="72" hits="0"></line>
            <line number="73" hits="0"></line>
            <line number="74" hits="0"></line>
            <line number="76" hits="0"></line>
            <line number="77" hits="0"></line>
            <line number="78" hits="0"></line>
            <line number="79" hits="0"></line>
            <line number="80" hits="0"></line>
            <line number="81" hits="0"></line>
            <line number="83" hits="0"></line>
            <line number="84" hits="0"></line>
          </lines>
        </class>
        <class name="ContainerPrivacy" filename="api/container/v1beta1/container_sdk.go" line-rate="0" branch-rate="0" complexity="0">
          <methods>
            <method name="String" signature="" line-rate="0" branch-rate="0" complexity="0">
              <lines>
                <line number="95" hits="0"></line>
                <line number="96" hits="0"></line>
                <line number="97" hits="0"></line>
                <line number="98" hits="0"></line>
                <line number="99" hits="0"></line>
                <line number="100" hits="0"></line>
              </lines>
            </method>
            <method name="Values" signature="" line-rate="0" branch-rate="0" complexity="0">
              <lines>
                <line number="103" hits="0"></line>
                <line number="104" hits="0"></line>
                <line number="105" hits="0"></line>
                <line number="106" hits="0"></line>
                <line number="107" hits="0"></line>
                <line number="108" hits="0"></line>
                <line number="109" hits="0"></line>
              </lines>
            </method>
            <method name="MarshalJSON" signature="" line-rate="0" branch-rate="0" complexity="0">
              <lines>
                <line number="111" hits="0"></line>
                <line number="112" hits="0"></line>
                <line number="113" hits="0"></line>
              </lines>
            </method>
            <method name="UnmarshalJSON" signature="" line-rate="0" branch-rate="0" complexity="0">
              <lines>
                <line number="115" hits="0"></line>
                <line number="116" hits="0"></line>
                <line number="117" hits="0"></line>
                <line number="118" hits="0"></line>
                <line number="119" hits="0"></line>
                <line number="120" hits="0"></line>
                <line number="122" hits="0"></line>
                <line number="123" hits="0"></line>
              </lines>
            </method>
          </methods>
          <lines>
            <line number="95" hits="0"></line>
            <line number="96" hits="0"></line>
            <line number="97" hits="0"></line>
            <line number="98" hits="0"></line>
            <line number="99" hits="0"></line>
            <line number="100" hits="0"></line>
            <line number="103" hits="0"></line>
            <line number="104" hits="0"></line>
            <line number="105" hits="0"></line>
            <line number="106" hits="0"></line>
            <line number="107" hits="0"></line>
            <line number="108" hits="0"></line>
            <line number="109" hits="0"></line>
            <line number="111" hits="0"></line>
            <line number="112" hits="0"></line>
            <line number="113" hits="0"></line>
            <line number="115" hits="0"></line>
            <line number="116" hits="0"></line>
            <line number="117" hits="0"></line>
            <line number="118" hits="0"></line>
            <line number="119" hits="0"></line>
            <line number="120" hits="0"></line>
            <line number="122" hits="0"></line>
            <line number="123" hits="0"></line>
          </lines>
        </class>
        <class name="ContainerProtocol" filename="api/container/v1beta1/container_sdk.go" line-rate="0" branch-rate="0" complexity="0">
          <methods>
            <method name="String" signature="" line-rate="0" branch-rate="0" complexity="0">
              <lines>
                <line number="134" hits="0"></line>
                <line number="135" hits="0"></line>
                <line number="136" hits="0"></line>
                <line number="137" hits="0"></line>
                <line number="138" hits="0"></line>
                <line number="139" hits="0"></line>
              </lines>
            </method>
            <method name="Values" signature="" line-rate="0" branch-rate="0" complexity="0">
              <lines>
                <line number="142" hits="0"></line>
                <line number="143" hits="0"></line>
                <line number="144" hits="0"></line>
                <line number="145" hits="0"></line>
                <line number="146" hits="0"></line>
                <line number="147" hits="0"></line>
                <line number="148" hits="0"></line>
              </lines>
            </method>
            <method name="MarshalJSON" signature="" line-rate="0" branch-rate="0" complexity="0">
              <lines>
                <line number="150" hits="0"></line>
                <line number="151" hits="0"></line>
                <line number="152" hits="0"></line>
              </lines>
            </method>
            <method name="UnmarshalJSON" signature="" line-rate="0" branch-rate="0" complexity="0">
              <lines>
                <line number="154" hits="0"></line>
                <line number="155" hits="0"></line>
                <line number="156" hits="0"></line>
                <line number="157" hits="0"></line>
                <line number="158" hits="0"></line>
                <line number="159" hits="0"></line>
                <line number="161" hits="0"></line>
                <line number="162" hits="0"></line>
              </lines>
            </method>
          </methods>
          <lines>
            <line number="134" hits="0"></line>
            <line number="135" hits="0"></line>
            <line number="136" hits="0"></line>
            <line number="137" hits="0"></line>
            <line number="138" hits="0"></line>
            <line number="139" hits="0"></line>
            <line number="142" hits="0"></line>
            <line number="143" hits="0"></line>
            <line number="144" hits="0"></line>
            <line number="145" hits="0"></line>
            <line number="146" hits="0"></line>
            <line number="147" hits="0"></line>
            <line number="148" hits="0"></line>
            <line number="150" hits="0"></line>
            <line number="151" hits="0"></line>
            <line number="152" hits="0"></line>
            <line number="154" hits="0"></line>
            <line number="155" hits="0"></line>
            <line number="156" hits="0"></line>
            <line number="157" hits="0"></line>
            <line number="158" hits="0"></line>
            <line number="159" hits="0"></line>
            <line number="161" hits="0"></line>
            <line number="162" hits="0"></line>
          </lines>
        </class>
        <class name="ContainerSandbox" filename="api/container/v1beta1/container_sdk.go" line-rate="0" branch-rate="0" complexity="0">
          <methods>
            <method name="String" signature="" line-rate="0" branch-rate="0" complexity="0">
              <lines>
                <line number="176" hits="0"></line>
                <line number="177" hits="0"></line>
                <line number="178" hits="0"></line>
                <line number="179" hits="0"></line>
                <line number="180" hits="0"></line>
                <line number="181" hits="0"></line>
              </lines>
            </method>
            <method name="Values" signature="" line-rate="0" branch-rate="0" complexity="0">
              <lines>
                <line number="184" hits="0"></line>
                <line number="185" hits="0"></line>
                <line number="186" hits="0"></line>
                <line number="187" hits="0"></line>
                <line number="188" hits="0"></line>
                <line number="189" hits="0"></line>
                <line number="190" hits="0"></line>
              </lines>
            </method>
            <method name="MarshalJSON" signature="" line-rate="0" branch-rate="0" complexity="0">
              <lines>
                <line number="192" hits="0"></line>
                <line number="193" hits="0"></line>
                <line number="194" hits="0"></line>
              </lines>
            </method>
            <method name="UnmarshalJSON" signature="" line-rate="0" branch-rate="0" complexity="0">
              <lines>
                <line number="196" hits="0"></line>
                <line number="197" hits="0"></line>
                <line number="198" hits="0"></line>
                <line number="199" hits="0"></line>
                <line number="200" hits="0"></line>
                <line number="201" hits="0"></line>
                <line number="203" hits="0"></line>
                <line number="204" hits="0"></line>
              </lines>
            </method>
          </methods>
          <lines>
            <line number="176" hits="0"></line>
            <line number="177" hits="0"></line>
            <line number="178" hits="0"></line>
            <line number="179" hits="0"></line>
            <line number="180" hits="0"></line>
            <line number="181" hits="0"></line>
            <line number="184" hits="0"></line>
            <line number="185" hits="0"></line>
            <line number="186" hits="0"></line>
            <line number="187" hits="0"></line>
            <line number="188" hits="0"></line>
            <line number="189" hits="0"></line>
            <line number="190" hits="0"></line>
            <line number="192" hits="0"></line>
            <line number="193" hits="0"></line>
            <line number="194" hits="0"></line>
            <line number="196" hits="0"></line>
            <line number="197" hits="0"></line>
            <line number="198" hits="0"></line>
            <line number="199" hits="0"></line>
            <line number="200" hits="0"></line>
            <line number="201" hits="0"></line>
            <line number="203" hits="0"></line>
            <line number="204" hits="0"></line>
          </lines>
        </class>
        <class name="ContainerStatus" filename="api/container/v1beta1/container_sdk.go" line-rate="0" branch-rate="0" complexity="0">
          <methods>
            <method name="String" signature="" line-rate="0" branch-rate="0" complexity="0">
              <lines>
                <line number="231" hits="0"></line>
                <line number="232" hits="0"></line>
                <line number="233" hits="0"></line>
                <line number="234" hits="0"></line>
                <line number="235" hits="0"></line>
                <line number="236" hits="0"></line>
              </lines>
            </method>
            <method name="Values" signature="" line-rate="0" branch-rate="0" complexity="0">
              <lines>
                <line number="239" hits="0"></line>
                <line number="240" hits="0"></line>
                <line number="241" hits="0"></line>
                <line number="242" hits="0"></line>
                <line number="243" hits="0"></line>
                <line number="244" hits="0"></line>
                <line number="245" hits="0"></line>
                <line number="246" hits="0"></line>
                <line number="247" hits="0"></line>
                <line number="248" hits="0"></line>
                <line number="249" hits="0"></line>
                <line number="250" hits="0"></line>
                <line number="251" hits="0"></line>
                <line number="252" hits="0"></line>
              </lines>
            </method>
            <method name="MarshalJSON" signature="" line-rate="0" branch-rate="0" complexity="0">
              <lines>
                <line number="254" hits="0"></line>
                <line number="255" hits="0"></line>
                <line number="256" hits="0"></line>
              </lines>
            </method>
            <method name="UnmarshalJSON" signature="" line-rate="0" branch-rate="0" complexity="0">
              <lines>
                <line number="258" hits="0"></line>
                <line number="259" hits="0"></line>
                <line number="260" hits="0"></line>
                <line number="261" hits="0"></line>
                <line number="262" hits="0"></line>
                <line number="263" hits="0"></line>
                <line number="265" hits="0"></line>
                <line number="266" hits="0"></line>
              </lines>
            </method>
          </methods>
          <lines>
            <line number="231" hits="0"></line>
            <line number="232" hits="0"></line>
            <line number="233" hits="0"></line>
            <line number="234" hits="0"></line>
            <line number="235" hits="0"></line>
            <line number="236" hits="0"></line>
            <line number="239" hits="0"></line>
            <line number="240" hits="0"></line>
            <line number="241" hits="0"></line>
            <line number="242" hits="0"></line>
            <line number="243" hits="0"></line>
            <line number="244" hits="0"></line>
            <line number="245" hits="0"></line>
            <line number="246" hits="0"></line>
            <line number="247" hits="0"></line>
            <line number="248" hits="0"></line>
            <line number="249" hits="0"></line>
            <line number="250" hits="0"></line>
            <line number="251" hits="0"></line>
            <line number="252" hits="0"></line>
            <line number="254" hits="0"></line>
            <line number="255" hits="0"></line>
            <line number="256" hits="0"></line>
            <line number="258" hits="0"></line>
            <line number="259" hits="0"></line>
            <line number="260" hits="0"></line>
            <line number="261" hits="0"></line>
            <line number="262" hits="0"></line>
            <line number="263" hits="0"></line>
            <line number="265" hits="0"></line>
            <line number="266" hits="0"></line>
          </lines>
        </class>
        <class name="CronStatus" filename="api/container/v1beta1/container_sdk.go" line-rate="0" branch-rate="0" complexity="0">
          <methods>
            <method name="String" signature="" line-rate="0" branch-rate="0" complexity="0">
              <lines>
                <line number="284" hits="0"></line>
                <line number="285" hits="0"></line>
                <line number="286" hits="0"></line>
                <line number="287" hits="0"></line>
                <line number="288" hits="0"></line>
                <line number="289" hits="0"></line>
              </lines>
            </method>
            <method name="Values" signature="" line-rate="0" branch-rate="0" complexity="0">
              <lines>
                <line number="292" hits="0"></line>
                <line number="293" hits="0"></line>
                <line number="294" hits="0"></line>
                <line number="295" hits="0"></line>
                <line number="296" hits="0"></line>
                <line number="297" hits="0"></line>
                <line number="298" hits="0"></line>
                <line number="299" hits="0"></line>
                <line number="300" hits="0"></line>
                <line number="301" hits="0"></line>
                <line number="302" hits="0"></line>
                <line number="303" hits="0"></line>
                <line number="304" hits="0"></line>
                <line number="305" hits="0"></line>
              </lines>
            </method>
            <method name="MarshalJSON" signature="" line-rate="0" branch-rate="0" complexity="0">
              <lines>
                <line number="307" hits="0"></line>
                <line number="308" hits="0"></line>
                <line number="309" hits="0"></line>
              </lines>
            </method>
            <method name="UnmarshalJSON" signature="" line-rate="0" branch-rate="0" complexity="0">
              <lines>
                <line number="311" hits="0"></line>
                <line number="312" hits="0"></line>
                <line number="313" hits="0"></line>
                <line number="314" hits="0"></line>
                <line number="315" hits="0"></line>
                <line number="316" hits="0"></line>
                <line number="318" hits="0"></line>
                <line number="319" hits="0"></line>
              </lines>
            </method>
          </methods>
          <lines>
            <line number="284" hits="0"></line>
            <line number="285" hits="0"></line>
            <line number="286" hits="0"></line>
            <line number="287" hits="0"></line>
            <line number="288" hits="0"></line>
            <line number="289" hits="0"></line>
            <line number="292" hits="0"></line>
            <line number="293" hits="0"></line>
            <line number="294" hits="0"></line>
            <line number="295" hits="0"></line>
            <line number="296" hits="0"></line>
            <line number="297" hits="0"></line>
            <line number="298" hits="0"></line>
            <line number="299" hits="0"></line>
            <line number="300" hits="0"></line>
            <line number="301" hits="0"></line>
            <line number="302" hits="0"></line>
            <line number="303" hits="0"></line>
            <line number="304" hits="0"></line>
            <line number="305" hits="0"></line>
            <line number="307" hits="0"></line>
            <line number="308" hits="0"></line>
            <line number="309" hits="0"></line>
            <line number="311" hits="0"></line>
            <line number="312" hits="0"></line>
            <line number="313" hits="0"></line>
            <line number="314" hits="0"></line>
            <line number="315" hits="0"></line>
            <line number="316" hits="0"></line>
            <line number="318" hits="0"></line>
            <line number="319" hits="0"></line>
          </lines>
        </class>
        <class name="DomainStatus" filename="api/container/v1beta1/container_sdk.go" line-rate="0" branch-rate="0" complexity="0">
          <methods>
            <method name="String" signature="" line-rate="0" branch-rate="0" complexity="0">
              <lines>
                <line number="344" hits="0"></line>
                <line number="345" hits="0"></line>
                <line number="346" hits="0"></line>
                <line number="347" hits="0"></line>
                <line number="348" hits="0"></line>
                <line number="349" hits="0"></line>
              </lines>
            </method>
            <method name="Values" signature="" line-rate="0" branch-rate="0" complexity="0">
              <lines>
                <line number="352" hits="0"></line>
                <line number="353" hits="0"></line>
                <line number="354" hits="0"></line>
                <line number="355" hits="0"></line>
                <line number="356" hits="0"></line>
                <line number="357" hits="0"></line>
                <line number="358" hits="0"></line>
                <line number="359" hits="0"></line>
                <line number="360" hits="0"></line>
                <line number="361" hits="0"></line>
                <line number="362" hits="0"></line>
                <line number="363" hits="0"></line>
                <line number="364" hits="0"></line>
              </lines>
            </method>
            <method name="MarshalJSON" signature="" line-rate="0" branch-rate="0" complexity="0">
              <lines>
                <line number="366" hits="0"></line>
                <line number="367" hits="0"></line>
                <line number="368" hits="0"></line>
              </lines>
            </method>
            <method name="UnmarshalJSON" signature="" line-rate="0" branch-rate="0" complexity="0">
              <lines>
                <line number="370" hits="0"></line>
                <line number="371" hits="0"></line>
                <line number="372" hits="0"></line>
                <line number="373" hits="0"></line>
                <line number="374" hits="0"></line>
                <line number="375" hits="0"></line>
                <line number="377" hits="0"></line>
                <line number="378" hits="0"></line>
              </lines>
            </method>
          </methods>
          <lines>
            <line number="344" hits="0"></line>
            <line number="345" hits="0"></line>
            <line number="346" hits="0"></line>
            <line number="347" hits="0"></line>
            <line number="348" hits="0"></line>
            <line number="349" hits="0"></line>
            <line number="352" hits="0"></line>
            <line number="353" hits="0"></line>
            <line number="354" hits="0"></line>
            <line number="355" hits="0"></line>
            <line number="356" hits="0"></line>
            <line number="357" hits="0"></line>
            <line number="358" hits="0"></line>
            <line number="359" hits="0"></line>
            <line number="360" hits="0"></line>
            <line number="361" hits="0"></line>
            <line number="362" hits="0"></line>
            <line number="363" hits="0"></line>
            <line number="364" hits="0"></line>
            <line number="366" hits="0"></line>
            <line number="367" hits="0"></line>
            <line number="368" hits="0"></line>
            <line number="370" hits="0"></line>
            <line number="371" hits="0"></line>
            <line number="372" hits="0"></line>
            <line number="373" hits="0"></line>
            <line number="374" hits="0"></line>
            <line number="375" hits="0"></line>
            <line number="377" hits="0"></line>
            <line number="378" hits="0"></line>
          </lines>
        </class>
        <class name="ListContainersRequestOrderBy" filename="api/container/v1beta1/container_sdk.go" line-rate="0" branch-rate="0" complexity="0">
          <methods>
            <method name="String" signature="" line-rate="0" branch-rate="0" complexity="0">
              <lines>
                <line number="390" hits="0"></line>
                <line number="391" hits="0"></line>
                <line number="392" hits="0"></line>
                <line number="393" hits="0"></line>
                <line number="394" hits="0"></line>
                <line number="395" hits="0"></line>
              </lines>
            </method>
            <method name="Values" signature="" line-rate="0" branch-rate="0" complexity="0">
              <lines>
                <line number="398" hits="0"></line>
                <line number="399" hits="0"></line>
                <line number="400" hits="0"></line>
                <line number="401" hits="0"></line>
                <line number="402" hits="0"></line>
                <line number="403" hits="0"></line>
                <line number="404" hits="0"></line>
                <line number="405" hits="0"></line>
              </lines>
            </method>
            <method name="MarshalJSON" signature="" line-rate="0" branch-rate="0" complexity="0">
              <lines>
                <line number="407" hits="0"></line>
                <line number="408" hits="0"></line>
                <line number="409" hits="0"></line>
              </lines>
            </method>
            <method name="UnmarshalJSON" signature="" line-rate="0" branch-rate="0" complexity="0">
              <lines>
                <line number="411" hits="0"></line>
                <line number="412" hits="0"></line>
                <line number="413" hits="0"></line>
                <line number="414" hits="0"></line>
                <line number="415" hits="0"></line>
                <line number="416" hits="0"></line>
                <line number="418" hits="0"></line>
                <line number="419" hits="0"></line>
              </lines>
            </method>
          </methods>
          <lines>
            <line number="390" hits="0"></line>
            <line number="391" hits="0"></line>
            <line number="392" hits="0"></line>
            <line number="393" hits="0"></line>
            <line number="394" hits="0"></line>
            <line number="395" hits="0"></line>
            <line number="398" hits="0"></line>
            <line number="399" hits="0"></line>
            <line number="400" hits="0"></line>
            <line number="401" hits="0"></line>
            <line number="402" hits="0"></line>
            <line number="403" hits="0"></line>
            <line number="404" hits="0"></line>
            <line number="405" hits="0"></line>
            <line number="407" hits="0"></line>
            <line number="408" hits="0"></line>
            <line number="409" hits="0"></line>
            <line number="411" hits="0"></line>
            <line number="412" hits="0"></line>
            <line number="413" hits="0"></line>
            <line number="414" hits="0"></line>
            <line number="415" hits="0"></line>
            <line number="416" hits="0"></line>
            <line number="418" hits="0"></line>
            <line number="419" hits="0"></line>
          </lines>
        </class>
        <class name="ListCronsRequestOrderBy" filename="api/container/v1beta1/container_sdk.go" line-rate="0" branch-rate="0" complexity="0">
          <methods>
            <method name="String" signature="" line-rate="0" branch-rate="0" complexity="0">
              <lines>
                <line number="429" hits="0"></line>
                <line number="430" hits="0"></line>
                <line number="431" hits="0"></line>
                <line number="432" hits="0"></line>
                <line number="433" hits="0"></line>
                <line number="434" hits="0"></line>
              </lines>
            </method>
            <method name="Values" signature="" line-rate="0" branch-rate="0" complexity="0">
              <lines>
                <line number="437" hits="0"></line>
                <line number="438" hits="0"></line>
                <line number="439" hits="0"></line>
                <line number="440" hits="0"></line>
                <line number="441" hits="0"></line>
                <line number="442" hits="0"></line>
              </lines>
            </method>
            <method name="MarshalJSON" signature="" line-rate="0" branch-rate="0" complexity="0">
              <lines>
                <line number="444" hits="0"></line>
                <line number="445" hits="0"></line>
                <line number="446" hits="0"></line>
              </lines>
            </method>
            <method name="UnmarshalJSON" signature="" line-rate="0" branch-rate="0" complexity="0">
              <lines>
                <line number="448" hits="0"></line>
                <line number="449" hits="0"></line>
                <line number="450" hits="0"></line>
                <line number="451" hits="0"></line>
                <line number="452" hits="0"></line>
                <line number="453" hits="0"></line>
                <line number="455" hits="0"></line>
                <line number="456" hits="0"></line>
              </lines>
            </method>
          </methods>
          <lines>
            <line number="429" hits="0"></line>
            <line number="430" hits="0"></line>
            <line number="431" hits="0"></line>
            <line number="432" hits="0"></line>
            <line number="433" hits="0"></line>
            <line number="434" hits="0"></line>
            <line number="437" hits="0"></line>
            <line number="438" hits="0"></line>
            <line number="439" hits="0"></line>
            <line number="440" hits="0"></line>
            <line number="441" hits="0"></line>
            <line number="442" hits="0"></line>
            <line number="444" hits="0"></line>
            <line number="445" hits="0"></line>
            <line number="446" hits="0"></line>
            <line number="448" hits="0"></line>
            <line number="449" hits="0"></line>
            <line number="450" hits="0"></line>
            <line number="451" hits="0"></line>
            <line number="452" hits="0"></line>
            <line number="453" hits="0"></line>
            <line number="455" hits="0"></line>
            <line number="456" hits="0"></line>
          </lines>
        </class>
        <class name="ListDomainsRequestOrderBy" filename="api/container/v1beta1/container_sdk.go" line-rate="0" branch-rate="0" complexity="0">
          <methods>
            <method name="String" signature="" line-rate="0" branch-rate="0" complexity="0">
              <lines>
                <line number="468" hits="0"></line>
                <line number="469" hits="0"></line>
                <line number="470" hits="0"></line>
                <line number="471" hits="0"></line>
                <line number="472" hits="0"></line>
                <line number="473" hits="0"></line>
              </lines>
            </method>
            <method name="Values" signature="" line-rate="0" branch-rate="0" complexity="0">
              <lines>
                <line number="476" hits="0"></line>
                <line number="477" hits="0"></line>
                <line number="478" hits="0"></line>
                <line number="479" hits="0"></line>
                <line number="480" hits="0"></line>
                <line number="481" hits="0"></line>
                <line number="482" hits="0"></line>
                <line number="483" hits="0"></line>
              </lines>
            </method>
            <method name="MarshalJSON" signature="" line-rate="0" branch-rate="0" complexity="0">
              <lines>
                <line number="485" hits="0"></line>
                <line number="486" hits="0"></line>
                <line number="487" hits="0"></line>
              </lines>
            </method>
            <method name="UnmarshalJSON" signature="" line-rate="0" branch-rate="0" complexity="0">
              <lines>
                <line number="489" hits="0"></line>
                <line number="490" hits="0"></line>
                <line number="491" hits="0"></line>
                <line number="492" hits="0"></line>
                <line number="493" hits="0"></line>
                <line number="494" hits="0"></line>
                <line number="496" hits="0"></line>
                <line number="497" hits="0"></line>
              </lines>
            </method>
          </methods>
          <lines>
            <line number="468" hits="0"></line>
            <line number="469" hits="0"></line>
            <line number="470" hits="0"></line>
            <line number="471" hits="0"></line>
            <line number="472" hits="0"></line>
            <line number="473" hits="0"></line>
            <line number="476" hits="0"></line>
            <line number="477" hits="0"></line>
            <line number="478" hits="0"></line>
            <line number="479" hits="0"></line>
            <line number="480" hits="0"></line>
            <line number="481" hits="0"></line>
            <line number="482" hits="0"></line>
            <line number="483" hits="0"></line>
            <line number="485" hits="0"></line>
            <line number="486" hits="0"></line>
            <line number="487" hits="0"></line>
            <line number="489" hits="0"></line>
            <line number="490" hits="0"></line>
            <line number="491" hits="0"></line>
            <line number="492" hits="0"></line>
            <line number="493" hits="0"></line>
            <line number="494" hits="0"></line>
            <line number="496" hits="0"></line>
            <line number="497" hits="0"></line>
          </lines>
        </class>
        <class name="ListNamespacesRequestOrderBy" filename="api/container/v1beta1/container_sdk.go" line-rate="0.2" branch-rate="0" complexity="0">
          <methods>
            <method name="String" signature="" line-rate="0.8333333" branch-rate="0" complexity="0">
              <lines>
                <line number="509" hits="1"></line>
                <line number="510" hits="2"></line>
                <line number="511" hits="1"></line>
                <line number="512" hits="1"></line>
                <line number="513" hits="1"></line>
                <line number="514" hits="0"></line>
              </lines>
            </method>
            <method name="Values" signature="" line-rate="0" branch-rate="0" complexity="0">
              <lines>
                <line number="517" hits="0"></line>
                <line number="518" hits="0"></line>
                <line number="519" hits="0"></line>
                <line number="520" hits="0"></line>
                <line number="521" hits="0"></line>
                <line number="522" hits="0"></line>
                <line number="523" hits="0"></line>
                <line number="524" hits="0"></line>
              </lines>
            </method>
            <method name="MarshalJSON" signature="" line-rate="0" branch-rate="0" complexity="0">
              <lines>
                <line number="526" hits="0"></line>
                <line number="527" hits="0"></line>
                <line number="528" hits="0"></line>
              </lines>
            </method>
            <method name="UnmarshalJSON" signature="" line-rate="0" branch-rate="0" complexity="0">
              <lines>
                <line number="530" hits="0"></line>
                <line number="531" hits="0"></line>
                <line number="532" hits="0"></line>
                <line number="533" hits="0"></line>
                <line number="534" hits="0"></line>
                <line number="535" hits="0"></line>
                <line number="537" hits="0"></line>
                <line number="538" hits="0"></line>
              </lines>
            </method>
          </methods>
          <lines>
            <line number="509" hits="1"></line>
            <line number="510" hits="2"></line>
            <line number="511" hits="1"></line>
            <line number="512" hits="1"></line>
            <line number="513" hits="1"></line>
            <line number="514" hits="0"></line>
            <line number="517" hits="0"></line>
            <line number="518" hits="0"></line>
            <line number="519" hits="0"></line>
            <line number="520" hits="0"></line>
            <line number="521" hits="0"></line>
            <line number="522" hits="0"></line>
            <line number="523" hits="0"></line>
            <line number="524" hits="0"></line>
            <line number="526" hits="0"></line>
            <line number="527" hits="0"></line>
            <line number="528" hits="0"></line>
            <line number="530" hits="0"></line>
            <line number="531" hits="0"></line>
            <line number="532" hits="0"></line>
            <line number="533" hits="0"></line>
            <line number="534" hits="0"></line>
            <line number="535" hits="0"></line>
            <line number="537" hits="0"></line>
            <line number="538" hits="0"></line>
          </lines>
        </class>
        <class name="ListTokensRequestOrderBy" filename="api/container/v1beta1/container_sdk.go" line-rate="0" branch-rate="0" complexity="0">
          <methods>
            <method name="String" signature="" line-rate="0" branch-rate="0" complexity="0">
              <lines>
                <line number="548" hits="0"></line>
                <line number="549" hits="0"></line>
                <line number="550" hits="0"></line>
                <line number="551" hits="0"></line>
                <line number="552" hits="0"></line>
                <line number="553" hits="0"></line>
              </lines>
            </method>
            <method name="Values" signature="" line-rate="0" branch-rate="0" complexity="0">
              <lines>
                <line number="556" hits="0"></line>
                <line number="557" hits="0"></line>
                <line number="558" hits="0"></line>
                <line number="559" hits="0"></line>
                <line number="560" hits="0"></line>
                <line number="561" hits="0"></line>
              </lines>
            </method>
            <method name="MarshalJSON" signature="" line-rate="0" branch-rate="0" complexity="0">
              <lines>
                <line number="563" hits="0"></line>
                <line number="564" hits="0"></line>
                <line number="565" hits="0"></line>
              </lines>
            </method>
            <method name="UnmarshalJSON" signature="" line-rate="0" branch-rate="0" complexity="0">
              <lines>
                <line number="567" hits="0"></line>
                <line number="568" hits="0"></line>
                <line number="569" hits="0"></line>
                <line number="570" hits="0"></line>
                <line number="571" hits="0"></line>
                <line number="572" hits="0"></line>
                <line number="574" hits="0"></line>
                <line number="575" hits="0"></line>
              </lines>
            </method>
          </methods>
          <lines>
            <line number="548" hits="0"></line>
            <line number="549" hits="0"></line>
            <line number="550" hits="0"></line>
            <line number="551" hits="0"></line>
            <line number="552" hits="0"></line>
            <line number="553" hits="0"></line>
            <line number="556" hits="0"></line>
            <line number="557" hits="0"></line>
            <line number="558" hits="0"></line>
            <line number="559" hits="0"></line>
            <line number="560" hits="0"></line>
            <line number="561" hits="0"></line>
            <line number="563" hits="0"></line>
            <line number="564" hits="0"></line>
            <line number="565" hits="0"></line>
            <line number="567" hits="0"></line>
            <line number="568" hits="0"></line>
            <line number="569" hits="0"></line>
            <line number="570" hits="0"></line>
            <line number="571" hits="0"></line>
            <line number="572" hits="0"></line>
            <line number="574" hits="0"></line>
            <line number="575" hits="0"></line>
          </lines>
        </class>
        <class name="ListTriggersRequestOrderBy" filename="api/container/v1beta1/container_sdk.go" line-rate="0" branch-rate="0" complexity="0">
          <methods>
            <method name="String" signature="" line-rate="0" branch-rate="0" complexity="0">
              <lines>
                <line number="587" hits="0"></line>
                <line number="588" hits="0"></line>
                <line number="589" hits="0"></line>
                <line number="590" hits="0"></line>
                <line number="591" hits="0"></line>
                <line number="592" hits="0"></line>
              </lines>
            </method>
            <method name="Values" signature="" line-rate="0" branch-rate="0" complexity="0">
              <lines>
                <line number="595" hits="0"></line>
                <line number="596" hits="0"></line>
                <line number="597" hits="0"></line>
                <line number="598" hits="0"></line>
                <line number="599" hits="0"></line>
                <line number="600" hits="0"></line>
              </lines>
            </method>
            <method name="MarshalJSON" signature="" line-rate="0" branch-rate="0" complexity="0">
              <lines>
                <line number="602" hits="0"></line>
                <line number="603" hits="0"></line>
                <line number="604" hits="0"></line>
              </lines>
            </method>
            <method name="UnmarshalJSON" signature="" line-rate="0" branch-rate="0" complexity="0">
              <lines>
                <line number="606" hits="0"></line>
                <line number="607" hits="0"></line>
                <line number="608" hits="0"></line>
                <line number="609" hits="0"></line>
                <line number="610" hits="0"></line>
                <line number="611" hits="0"></line>
                <line number="613" hits="0"></line>
                <line number="614" hits="0"></line>
              </lines>
            </method>
          </methods>
          <lines>
            <line number="587" hits="0"></line>
            <line number="588" hits="0"></line>
            <line number="589" hits="0"></line>
            <line number="590" hits="0"></line>
            <line number="591" hits="0"></line>
            <line number="592" hits="0"></line>
            <line number="595" hits="0"></line>
            <line number="596" hits="0"></line>
            <line number="597" hits="0"></line>
            <line number="598" hits="0"></line>
            <line number="599" hits="0"></line>
            <line number="600" hits="0"></line>
            <line number="602" hits="0"></line>
            <line number="603" hits="0"></line>
            <line number="604" hits="0"></line>
            <line number="606" hits="0"></line>
            <line number="607" hits="0"></line>
            <line number="608" hits="0"></line>
            <line number="609" hits="0"></line>
            <line number="610" hits="0"></line>
            <line number="611" hits="0"></line>
            <line number="613" hits="0"></line>
            <line number="614" hits="0"></line>
          </lines>
        </class>
        <class name="NamespaceStatus" filename="api/container/v1beta1/container_sdk.go" line-rate="0" branch-rate="0" complexity="0">
          <methods>
            <method name="String" signature="" line-rate="0" branch-rate="0" complexity="0">
              <lines>
                <line number="639" hits="0"></line>
                <line number="640" hits="0"></line>
                <line number="641" hits="0"></line>
                <line number="642" hits="0"></line>
                <line number="643" hits="0"></line>
                <line number="644" hits="0"></line>
              </lines>
            </method>
            <method name="Values" signature="" line-rate="0" branch-rate="0" complexity="0">
              <lines>
                <line number="647" hits="0"></line>
                <line number="648" hits="0"></line>
                <line number="649" hits="0"></line>
                <line number="650" hits="0"></line>
                <line number="651" hits="0"></line>
                <line number="652" hits="0"></line>
                <line number="653" hits="0"></line>
                <line number="654" hits="0"></line>
                <line number="655" hits="0"></line>
                <line number="656" hits="0"></line>
                <line number="657" hits="0"></line>
                <line number="658" hits="0"></line>
                <line number="659" hits="0"></line>
              </lines>
            </method>
            <method name="MarshalJSON" signature="" line-rate="0" branch-rate="0" complexity="0">
              <lines>
                <line number="661" hits="0"></line>
                <line number="662" hits="0"></line>
                <line number="663" hits="0"></line>
              </lines>
            </method>
            <method name="UnmarshalJSON" signature="" line-rate="0" branch-rate="0" complexity="0">
              <lines>
                <line number="665" hits="0"></line>
                <line number="666" hits="0"></line>
                <line number="667" hits="0"></line>
                <line number="668" hits="0"></line>
                <line number="669" hits="0"></line>
                <line number="670" hits="0"></line>
                <line number="672" hits="0"></line>
                <line number="673" hits="0"></line>
              </lines>
            </method>
          </methods>
          <lines>
            <line number="639" hits="0"></line>
            <line number="640" hits="0"></line>
            <line number="641" hits="0"></line>
            <line number="642" hits="0"></line>
            <line number="643" hits="0"></line>
            <line number="644" hits="0"></line>
            <line number="647" hits="0"></line>
            <line number="648" hits="0"></line>
            <line number="649" hits="0"></line>
            <line number="650" hits="0"></line>
            <line number="651" hits="0"></line>
            <line number="652" hits="0"></line>
            <line number="653" hits="0"></line>
            <line number="654" hits="0"></line>
            <line number="655" hits="0"></line>
            <line number="656" hits="0"></line>
            <line number="657" hits="0"></line>
            <line number="658" hits="0"></line>
            <line number="659" hits="0"></line>
            <line number="661" hits="0"></line>
            <line number="662" hits="0"></line>
            <line number="663" hits="0"></line>
            <line number="665" hits="0"></line>
            <line number="666" hits="0"></line>
            <line number="667" hits="0"></line>
            <line number="668" hits="0"></line>
            <line number="669" hits="0"></line>
            <line number="670" hits="0"></line>
            <line number="672" hits="0"></line>
            <line number="673" hits="0"></line>
          </lines>
        </class>
        <class name="TokenStatus" filename="api/container/v1beta1/container_sdk.go" line-rate="0" branch-rate="0" complexity="0">
          <methods>
            <method name="String" signature="" line-rate="0" branch-rate="0" complexity="0">
              <lines>
                <line number="686" hits="0"></line>
                <line number="687" hits="0"></line>
                <line number="688" hits="0"></line>
                <line number="689" hits="0"></line>
                <line number="690" hits="0"></line>
                <line number="691" hits="0"></line>
              </lines>
            </method>
            <method name="Values" signature="" line-rate="0" branch-rate="0" complexity="0">
              <lines>
                <line number="694" hits="0"></line>
                <line number="695" hits="0"></line>
                <line number="696" hits="0"></line>
                <line number="697" hits="0"></line>
                <line number="698" hits="0"></line>
                <line number="699" hits="0"></line>
                <line number="700" hits="0"></line>
                <line number="701" hits="0"></line>
                <line number="702" hits="0"></line>
              </lines>
            </method>
            <method name="MarshalJSON" signature="" line-rate="0" branch-rate="0" complexity="0">
              <lines>
                <line number="704" hits="0"></line>
                <line number="705" hits="0"></line>
                <line number="706" hits="0"></line>
              </lines>
            </method>
            <method name="UnmarshalJSON" signature="" line-rate="0" branch-rate="0" complexity="0">
              <lines>
                <line number="708" hits="0"></line>
                <line number="709" hits="0"></line>
                <line number="710" hits="0"></line>
                <line number="711" hits="0"></line>
                <line number="712" hits="0"></line>
                <line number="713" hits="0"></line>
                <line number="715" hits="0"></line>
                <line number="716" hits="0"></line>
              </lines>
            </method>
          </methods>
          <lines>
            <line number="686" hits="0"></line>
            <line number="687" hits="0"></line>
            <line number="688" hits="0"></line>
            <line number="689" hits="0"></line>
            <line number="690" hits="0"></line>
            <line number="691" hits="0"></line>
            <line number="694" hits="0"></line>
            <line number="695" hits="0"></line>
            <line number="696" hits="0"></line>
            <line number="697" hits="0"></line>
            <line number="698" hits="0"></line>
            <line number="699" hits="0"></line>
            <line number="700" hits="0"></line>
            <line number="701" hits="0"></line>
            <line number="702" hits="0"></line>
            <line number="704" hits="0"></line>
            <line number="705" hits="0"></line>
            <line number="706" hits="0"></line>
            <line number="708" hits="0"></line>
            <line number="709" hits="0"></line>
            <line number="710" hits="0"></line>
            <line number="711" hits="0"></line>
            <line number="712" hits="0"></line>
            <line number="713" hits="0"></line>
            <line number="715" hits="0"></line>
            <line number="716" hits="0"></line>
          </lines>
        </class>
        <class name="TriggerInputType" filename="api/container/v1beta1/container_sdk.go" line-rate="0" branch-rate="0" complexity="0">
          <methods>
            <method name="String" signature="" line-rate="0" branch-rate="0" complexity="0">
              <lines>
                <line number="732" hits="0"></line>
                <line number="733" hits="0"></line>
                <line number="734" hits="0"></line>
                <line number="735" hits="0"></line>
                <line number="736" hits="0"></line>
                <line number="737" hits="0"></line>
              </lines>
            </method>
            <method name="Values" signature="" line-rate="0" branch-rate="0" complexity="0">
              <lines>
                <line number="740" hits="0"></line>
                <line number="741" hits="0"></line>
                <line number="742" hits="0"></line>
                <line number="743" hits="0"></line>
                <line number="744" hits="0"></line>
                <line number="745" hits="0"></line>
                <line number="746" hits="0"></line>
                <line number="747" hits="0"></line>
                <line number="748" hits="0"></line>
              </lines>
            </method>
            <method name="MarshalJSON" signature="" line-rate="0" branch-rate="0" complexity="0">
              <lines>
                <line number="750" hits="0"></line>
                <line number="751" hits="0"></line>
                <line number="752" hits="0"></line>
              </lines>
            </method>
            <method name="UnmarshalJSON" signature="" line-rate="0" branch-rate="0" complexity="0">
              <lines>
                <line number="754" hits="0"></line>
                <line number="755" hits="0"></line>
                <line number="756" hits="0"></line>
                <line number="757" hits="0"></line>
                <line number="758" hits="0"></line>
                <line number="759" hits="0"></line>
                <line number="761" hits="0"></line>
                <line number="762" hits="0"></line>
              </lines>
            </method>
          </methods>
          <lines>
            <line number="732" hits="0"></line>
            <line number="733" hits="0"></line>
            <line number="734" hits="0"></line>
            <line number="735" hits="0"></line>
            <line number="736" hits="0"></line>
            <line number="737" hits="0"></line>
            <line number="740" hits="0"></line>
            <line number="741" hits="0"></line>
            <line number="742" hits="0"></line>
            <line number="743" hits="0"></line>
            <line number="744" hits="0"></line>
            <line number="745" hits="0"></line>
            <line number="746" hits="0"></line>
            <line number="747" hits="0"></line>
            <line number="748" hits="0"></line>
            <line number="750" hits="0"></line>
            <line number="751" hits="0"></line>
            <line number="752" hits="0"></line>
            <line number="754" hits="0"></line>
            <line number="755" hits="0"></line>
            <line number="756" hits="0"></line>
            <line number="757" hits="0"></line>
            <line number="758" hits="0"></line>
            <line number="759" hits="0"></line>
            <line number="761" hits="0"></line>
            <line number="762" hits="0"></line>
          </lines>
        </class>
        <class name="TriggerStatus" filename="api/container/v1beta1/container_sdk.go" line-rate="0" branch-rate="0" complexity="0">
          <methods>
            <method name="String" signature="" line-rate="0" branch-rate="0" complexity="0">
              <lines>
                <line number="788" hits="0"></line>
                <line number="789" hits="0"></line>
                <line number="790" hits="0"></line>
                <line number="791" hits="0"></line>
                <line number="792" hits="0"></line>
                <line number="793" hits="0"></line>
              </lines>
            </method>
            <method name="Values" signature="" line-rate="0" branch-rate="0" complexity="0">
              <lines>
                <line number="796" hits="0"></line>
                <line number="797" hits="0"></line>
                <line number="798" hits="0"></line>
                <line number="799" hits="0"></line>
                <line number="800" hits="0"></line>
                <line number="801" hits="0"></line>
                <line number="802" hits="0"></line>
                <line number="803" hits="0"></line>
                <line number="804" hits="0"></line>
                <line number="805" hits="0"></line>
                <line number="806" hits="0"></line>
                <line number="807" hits="0"></line>
                <line number="808" hits="0"></line>
              </lines>
            </method>
            <method name="MarshalJSON" signature="" line-rate="0" branch-rate="0" complexity="0">
              <lines>
                <line number="810" hits="0"></line>
                <line number="811" hits="0"></line>
                <line number="812" hits="0"></line>
              </lines>
            </method>
            <method name="UnmarshalJSON" signature="" line-rate="0" branch-rate="0" complexity="0">
              <lines>
                <line number="814" hits="0"></line>
                <line number="815" hits="0"></line>
                <line number="816" hits="0"></line>
                <line number="817" hits="0"></line>
                <line number="818" hits="0"></line>
                <line number="819" hits="0"></line>
                <line number="821" hits="0"></line>
                <line number="822" hits="0"></line>
              </lines>
            </method>
          </methods>
          <lines>
            <line number="788" hits="0"></line>
            <line number="789" hits="0"></line>
            <line number="790" hits="0"></line>
            <line number="791" hits="0"></line>
            <line number="792" hits="0"></line>
            <line number="793" hits="0"></line>
            <line number="796" hits="0"></line>
            <line number="797" hits="0"></line>
            <line number="798" hits="0"></line>
            <line number="799" hits="0"></line>
            <line number="800" hits="0"></line>
            <line number="801" hits="0"></line>
            <line number="802" hits="0"></line>
            <line number="803" hits="0"></line>
            <line number="804" hits="0"></line>
            <line number="805" hits="0"></line>
            <line number="806" hits="0"></line>
            <line number="807" hits="0"></line>
            <line number="808" hits="0"></line>
            <line number="810" hits="0"></line>
            <line number="811" hits="0"></line>
            <line number="812" hits="0"></line>
            <line number="814" hits="0"></line>
            <line number="815" hits="0"></line>
            <line number="816" hits="0"></line>
            <line number="817" hits="0"></line>
            <line number="818" hits="0"></line>
            <line number="819" hits="0"></line>
            <line number="821" hits="0"></line>
            <line number="822" hits="0"></line>
          </lines>
        </class>
        <class name="ListContainersResponse" filename="api/container/v1beta1/container_sdk.go" line-rate="0" branch-rate="0" complexity="0">
          <methods>
            <method name="UnsafeGetTotalCount" signature="" line-rate="0" branch-rate="0" complexity="0">
              <lines>
                <line number="1587" hits="0"></line>
                <line number="1588" hits="0"></line>
                <line number="1589" hits="0"></line>
              </lines>
            </method>
            <method name="UnsafeAppend" signature="" line-rate="0" branch-rate="0" complexity="0">
              <lines>
                <line number="1593" hits="0"></line>
                <line number="1594" hits="0"></line>
                <line number="1595" hits="0"></line>
                <line number="1596" hits="0"></line>
                <line number="1597" hits="0"></line>
                <line number="1599" hits="0"></line>
                <line number="1600" hits="0"></line>
                <line number="1601" hits="0"></line>
              </lines>
            </method>
          </methods>
          <lines>
            <line number="1587" hits="0"></line>
            <line number="1588" hits="0"></line>
            <line number="1589" hits="0"></line>
            <line number="1593" hits="0"></line>
            <line number="1594" hits="0"></line>
            <line number="1595" hits="0"></line>
            <line number="1596" hits="0"></line>
            <line number="1597" hits="0"></line>
            <line number="1599" hits="0"></line>
            <line number="1600" hits="0"></line>
            <line number="1601" hits="0"></line>
          </lines>
        </class>
        <class name="ListCronsResponse" filename="api/container/v1beta1/container_sdk.go" line-rate="0" branch-rate="0" complexity="0">
          <methods>
            <method name="UnsafeGetTotalCount" signature="" line-rate="0" branch-rate="0" complexity="0">
              <lines>
                <line number="1634" hits="0"></line>
                <line number="1635" hits="0"></line>
                <line number="1636" hits="0"></line>
              </lines>
            </method>
            <method name="UnsafeAppend" signature="" line-rate="0" branch-rate="0" complexity="0">
              <lines>
                <line number="1640" hits="0"></line>
                <line number="1641" hits="0"></line>
                <line number="1642" hits="0"></line>
                <line number="1643" hits="0"></line>
                <line number="1644" hits="0"></line>
                <line number="1646" hits="0"></line>
                <line number="1647" hits="0"></line>
                <line number="1648" hits="0"></line>
              </lines>
            </method>
          </methods>
          <lines>
            <line number="1634" hits="0"></line>
            <line number="1635" hits="0"></line>
            <line number="1636" hits="0"></line>
            <line number="1640" hits="0"></line>
            <line number="1641" hits="0"></line>
            <line number="1642" hits="0"></line>
            <line number="1643" hits="0"></line>
            <line number="1644" hits="0"></line>
            <line number="1646" hits="0"></line>
            <line number="1647" hits="0"></line>
            <line number="1648" hits="0"></line>
          </lines>
        </class>
        <class name="ListDomainsResponse" filename="api/container/v1beta1/container_sdk.go" line-rate="0" branch-rate="0" complexity="0">
          <methods>
            <method name="UnsafeGetTotalCount" signature="" line-rate="0" branch-rate="0" complexity="0">
              <lines>
                <line number="1681" hits="0"></line>
                <line number="1682" hits="0"></line>
                <line number="1683" hits="0"></line>
              </lines>
            </method>
            <method name="UnsafeAppend" signature="" line-rate="0" branch-rate="0" complexity="0">
              <lines>
                <line number="1687" hits="0"></line>
                <line number="1688" hits="0"></line>
                <line number="1689" hits="0"></line>
                <line number="1690" hits="0"></line>
                <line number="1691" hits="0"></line>
                <line number="1693" hits="0"></line>
                <line number="1694" hits="0"></line>
                <line number="1695" hits="0"></line>
              </lines>
            </method>
          </methods>
          <lines>
            <line number="1681" hits="0"></line>
            <line number="1682" hits="0"></line>
            <line number="1683" hits="0"></line>
            <line number="1687" hits="0"></line>
            <line number="1688" hits="0"></line>
            <line number="1689" hits="0"></line>
            <line number="1690" hits="0"></line>
            <line number="1691" hits="0"></line>
            <line number="1693" hits="0"></line>
            <line number="1694" hits="0"></line>
            <line number="1695" hits="0"></line>
          </lines>
        </class>
        <class name="ListNamespacesResponse" filename="api/container/v1beta1/container_sdk.go" line-rate="0.54545456" branch-rate="0" complexity="0">
          <methods>
            <method name="UnsafeGetTotalCount" signature="" line-rate="0" branch-rate="0" complexity="0">
              <lines>
                <line number="1734" hits="0"></line>
                <line number="1735" hits="0"></line>
                <line number="1736" hits="0"></line>
              </lines>
            </method>
            <method name="UnsafeAppend" signature="" line-rate="0.75" branch-rate="0" complexity="0">
              <lines>
                <line number="1740" hits="3"></line>
                <line number="1741" hits="3"></line>
                <line number="1742" hits="3"></line>
                <line number="1743" hits="0"></line>
                <line number="1744" hits="0"></line>
                <line number="1746" hits="3"></line>
                <line number="1747" hits="3"></line>
                <line number="1748" hits="3"></line>
              </lines>
            </method>
          </methods>
          <lines>
            <line number="1734" hits="0"></line>
            <line number="1735" hits="0"></line>
            <line number="1736" hits="0"></line>
            <line number="1740" hits="3"></line>
            <line number="1741" hits="3"></line>
            <line number="1742" hits="3"></line>
            <line number="1743" hits="0"></line>
            <line number="1744" hits="0"></line>
            <line number="1746" hits="3"></line>
            <line number="1747" hits="3"></line>
            <line number="1748" hits="3"></line>
          </lines>
        </class>
        <class name="ListTokensResponse" filename="api/container/v1beta1/container_sdk.go" line-rate="0" branch-rate="0" complexity="0">
          <methods>
            <method name="UnsafeGetTotalCount" signature="" line-rate="0" branch-rate="0" complexity="0">
              <lines>
                <line number="1782" hits="0"></line>
                <line number="1783" hits="0"></line>
                <line number="1784" hits="0"></line>
              </lines>
            </method>
            <method name="UnsafeAppend" signature="" line-rate="0" branch-rate="0" complexity="0">
              <lines>
                <line number="1788" hits="0"></line>
                <line number="1789" hits="0"></line>
                <line number="1790" hits="0"></line>
                <line number="1791" hits="0"></line>
                <line number="1792" hits="0"></line>
                <line number="1794" hits="0"></line>
                <line number="1795" hits="0"></line>
                <line number="1796" hits="0"></line>
              </lines>
            </method>
          </methods>
          <lines>
            <line number="1782" hits="0"></line>
            <line number="1783" hits="0"></line>
            <line number="1784" hits="0"></line>
            <line number="1788" hits="0"></line>
            <line number="1789" hits="0"></line>
            <line number="1790" hits="0"></line>
            <line number="1791" hits="0"></line>
            <line number="1792" hits="0"></line>
            <line number="1794" hits="0"></line>
            <line number="1795" hits="0"></line>
            <line number="1796" hits="0"></line>
          </lines>
        </class>
        <class name="ListTriggersResponse" filename="api/container/v1beta1/container_sdk.go" line-rate="0" branch-rate="0" complexity="0">
          <methods>
            <method name="UnsafeGetTotalCount" signature="" line-rate="0" branch-rate="0" complexity="0">
              <lines>
                <line number="1838" hits="0"></line>
                <line number="1839" hits="0"></line>
                <line number="1840" hits="0"></line>
              </lines>
            </method>
            <method name="UnsafeAppend" signature="" line-rate="0" branch-rate="0" complexity="0">
              <lines>
                <line number="1844" hits="0"></line>
                <line number="1845" hits="0"></line>
                <line number="1846" hits="0"></line>
                <line number="1847" hits="0"></line>
                <line number="1848" hits="0"></line>
                <line number="1850" hits="0"></line>
                <line number="1851" hits="0"></line>
                <line number="1852" hits="0"></line>
              </lines>
            </method>
          </methods>
          <lines>
            <line number="1838" hits="0"></line>
            <line number="1839" hits="0"></line>
            <line number="1840" hits="0"></line>
            <line number="1844" hits="0"></line>
            <line number="1845" hits="0"></line>
            <line number="1846" hits="0"></line>
            <line number="1847" hits="0"></line>
            <line number="1848" hits="0"></line>
            <line number="1850" hits="0"></line>
            <line number="1851" hits="0"></line>
            <line number="1852" hits="0"></line>
          </lines>
        </class>
        <class name="-" filename="api/container/v1beta1/container_sdk.go" line-rate="1" branch-rate="0" complexity="0">
          <methods>
            <method name="NewAPI" signature="" line-rate="1" branch-rate="0" complexity="0">
              <lines>
                <line number="2027" hits="1"></line>
                <line number="2028" hits="1"></line>
                <line number="2029" hits="1"></line>
                <line number="2030" hits="1"></line>
                <line number="2031" hits="1"></line>
              </lines>
            </method>
          </methods>
          <lines>
            <line number="2027" hits="1"></line>
            <line number="2028" hits="1"></line>
            <line number="2029" hits="1"></line>
            <line number="2030" hits="1"></line>
            <line number="2031" hits="1"></line>
          </lines>
        </class>
        <class name="API" filename="api/container/v1beta1/container_sdk.go" line-rate="0.031465095" branch-rate="0" complexity="0">
          <methods>
            <method name="Regions" signature="" line-rate="1" branch-rate="0" complexity="0">
              <lines>
                <line number="2033" hits="1"></line>
                <line number="2034" hits="1"></line>
                <line number="2035" hits="1"></line>
              </lines>
            </method>
            <method name="ListNamespaces" signature="" line-rate="0.82857144" branch-rate="0" complexity="0">
              <lines>
                <line number="2038" hits="1"></line>
                <line number="2039" hits="1"></line>
                <line number="2040" hits="1"></line>
                <line number="2041" hits="2"></line>
                <line number="2042" hits="1"></line>
                <line number="2043" hits="1"></line>
                <line number="2044" hits="1"></line>
                <line number="2046" hits="1"></line>
                <line number="2047" hits="1"></line>
                <line number="2048" hits="0"></line>
                <line number="2049" hits="0"></line>
                <line number="2051" hits="1"></line>
                <line number="2052" hits="1"></line>
                <line number="2053" hits="1"></line>
                <line number="2054" hits="1"></line>
                <line number="2055" hits="1"></line>
                <line number="2056" hits="1"></line>
                <line number="2057" hits="1"></line>
                <line number="2058" hits="1"></line>
                <line number="2059" hits="1"></line>
                <line number="2060" hits="0"></line>
                <line number="2061" hits="0"></line>
                <line number="2063" hits="1"></line>
                <line number="2064" hits="1"></line>
                <line number="2065" hits="1"></line>
                <line number="2066" hits="1"></line>
                <line number="2067" hits="1"></line>
                <line number="2068" hits="1"></line>
                <line number="2069" hits="1"></line>
                <line number="2070" hits="1"></line>
                <line number="2071" hits="1"></line>
                <line number="2072" hits="1"></line>
                <line number="2073" hits="0"></line>
                <line number="2074" hits="0"></line>
                <line number="2075" hits="1"></line>
              </lines>
            </method>
            <method name="GetNamespace" signature="" line-rate="0" branch-rate="0" complexity="0">
              <lines>
                <line number="2079" hits="0"></line>
                <line number="2080" hits="0"></line>
                <line number="2081" hits="0"></line>
                <line number="2082" hits="0"></line>
                <line number="2083" hits="0"></line>
                <line number="2084" hits="0"></line>
                <line number="2085" hits="0"></line>
                <line number="2087" hits="0"></line>
                <line number="2088" hits="0"></line>
                <line number="2089" hits="0"></line>
                <line number="2091" hits="0"></line>
                <line number="2092" hits="0"></line>
                <line number="2093" hits="0"></line>
                <line number="2095" hits="0"></line>
                <line number="2096" hits="0"></line>
                <line number="2097" hits="0"></line>
                <line number="2098" hits="0"></line>
                <line number="2099" hits="0"></line>
                <line number="2100" hits="0"></line>
                <line number="2101" hits="0"></line>
                <line number="2102" hits="0"></line>
                <line number="2103" hits="0"></line>
                <line number="2104" hits="0"></line>
                <line number="2105" hits="0"></line>
                <line number="2106" hits="0"></line>
              </lines>
            </method>
            <method name="WaitForNamespace" signature="" line-rate="0" branch-rate="0" complexity="0">
              <lines>
                <line number="2118" hits="0"></line>
                <line number="2119" hits="0"></line>
                <line number="2120" hits="0"></line>
                <line number="2121" hits="0"></line>
                <line number="2122" hits="0"></line>
                <line number="2124" hits="0"></line>
                <line number="2125" hits="0"></line>
                <line number="2126" hits="0"></line>
                <line number="2127" hits="0"></line>
                <line number="2128" hits="0"></line>
                <line number="2129" hits="0"></line>
                <line number="2130" hits="0"></line>
                <line number="2131" hits="0"></line>
                <line number="2132" hits="0"></line>
                <line number="2133" hits="0"></line>
                <line number="2134" hits="0"></line>
                <line number="2135" hits="0"></line>
                <line number="2136" hits="0"></line>
                <line number="2137" hits="0"></line>
                <line number="2138" hits="0"></line>
                <line number="2139" hits="0"></line>
                <line number="2140" hits="0"></line>
                <line number="2141" hits="0"></line>
                <line number="2142" hits="0"></line>
                <line number="2143" hits="0"></line>
                <line number="2144" hits="0"></line>
                <line number="2146" hits="0"></line>
                <line number="2147" hits="0"></line>
                <line number="2148" hits="0"></line>
                <line number="2153" hits="0"></line>
                <line number="2154" hits="0"></line>
                <line number="2155" hits="0"></line>
                <line number="2157" hits="0"></line>
              </lines>
            </method>
            <method name="CreateNamespace" signature="" line-rate="0" branch-rate="0" complexity="0">
              <lines>
                <line number="2161" hits="0"></line>
                <line number="2162" hits="0"></line>
                <line number="2163" hits="0"></line>
                <line number="2164" hits="0"></line>
                <line number="2165" hits="0"></line>
                <line number="2166" hits="0"></line>
                <line number="2167" hits="0"></line>
                <line number="2169" hits="0"></line>
                <line number="2170" hits="0"></line>
                <line number="2171" hits="0"></line>
                <line number="2172" hits="0"></line>
                <line number="2174" hits="0"></line>
                <line number="2175" hits="0"></line>
                <line number="2176" hits="0"></line>
                <line number="2178" hits="0"></line>
                <line number="2179" hits="0"></line>
                <line number="2180" hits="0"></line>
                <line number="2182" hits="0"></line>
                <line number="2183" hits="0"></line>
                <line number="2184" hits="0"></line>
                <line number="2185" hits="0"></line>
                <line number="2186" hits="0"></line>
                <line number="2187" hits="0"></line>
                <line number="2188" hits="0"></line>
                <line number="2189" hits="0"></line>
                <line number="2190" hits="0"></line>
                <line number="2192" hits="0"></line>
                <line number="2193" hits="0"></line>
                <line number="2194" hits="0"></line>
                <line number="2195" hits="0"></line>
                <line number="2196" hits="0"></line>
                <line number="2197" hits="0"></line>
                <line number="2198" hits="0"></line>
              </lines>
            </method>
            <method name="UpdateNamespace" signature="" line-rate="0" branch-rate="0" complexity="0">
              <lines>
                <line number="2202" hits="0"></line>
                <line number="2203" hits="0"></line>
                <line number="2204" hits="0"></line>
                <line number="2205" hits="0"></line>
                <line number="2206" hits="0"></line>
                <line number="2207" hits="0"></line>
                <line number="2208" hits="0"></line>
                <line number="2210" hits="0"></line>
                <line number="2211" hits="0"></line>
                <line number="2212" hits="0"></line>
                <line number="2214" hits="0"></line>
                <line number="2215" hits="0"></line>
                <line number="2216" hits="0"></line>
                <line number="2218" hits="0"></line>
                <line number="2219" hits="0"></line>
                <line number="2220" hits="0"></line>
                <line number="2221" hits="0"></line>
                <line number="2222" hits="0"></line>
                <line number="2223" hits="0"></line>
[...]
                <line number="10" hits="2"></line>
                <line number="11" hits="2"></line>
                <line number="12" hits="3"></line>
              </lines>
            </method>
          </methods>
          <lines>
            <line number="5" hits="4"></line>
            <line number="6" hits="5"></line>
            <line number="7" hits="1"></line>
            <line number="8" hits="1"></line>
            <line number="9" hits="5"></line>
            <line number="10" hits="2"></line>
            <line number="11" hits="2"></line>
            <line number="12" hits="3"></line>
          </lines>
        </class>
        <class name="-" filename="strcase/goname.go" line-rate="0.98" branch-rate="0" complexity="0">
          <methods>
            <method name="ToPublicGoName" signature="" line-rate="1" branch-rate="0" complexity="0">
              <lines>
                <line number="9" hits="84"></line>
                <line number="10" hits="84"></line>
                <line number="11" hits="84"></line>
              </lines>
            </method>
            <method name="ToPrivateGoName" signature="" line-rate="1" branch-rate="0" complexity="0">
              <lines>
                <line number="14" hits="42"></line>
                <line number="15" hits="42"></line>
                <line number="16" hits="42"></line>
              </lines>
            </method>
            <method name="toGoName" signature="" line-rate="0.96666664" branch-rate="0" complexity="0">
              <lines>
                <line number="19" hits="126"></line>
                <line number="20" hits="126"></line>
                <line number="21" hits="126"></line>
                <line number="22" hits="126"></line>
                <line number="23" hits="126"></line>
                <line number="24" hits="126"></line>
                <line number="25" hits="0"></line>
                <line number="26" hits="0"></line>
                <line number="27" hits="126"></line>
                <line number="28" hits="373"></line>
                <line number="29" hits="369"></line>
                <line number="30" hits="122"></line>
                <line number="31" hits="122"></line>
                <line number="34" hits="130"></line>
                <line number="35" hits="4"></line>
                <line number="36" hits="4"></line>
                <line number="40" hits="122"></line>
                <line number="41" hits="122"></line>
                <line number="42" hits="929"></line>
                <line number="43" hits="807"></line>
                <line number="44" hits="807"></line>
                <line number="45" hits="116"></line>
                <line number="46" hits="116"></line>
                <line number="47" hits="78"></line>
                <line number="48" hits="78"></line>
                <line number="49" hits="78"></line>
                <line number="50" hits="99"></line>
                <line number="51" hits="21"></line>
                <line number="52" hits="21"></line>
                <line number="53" hits="90"></line>
                <line number="54" hits="12"></line>
                <line number="55" hits="12"></line>
                <line number="56" hits="78"></line>
                <line number="57" hits="78"></line>
                <line number="58" hits="53"></line>
                <line number="59" hits="53"></line>
                <line number="61" hits="807"></line>
                <line number="62" hits="1367"></line>
                <line number="63" hits="560"></line>
                <line number="67" hits="247"></line>
                <line number="68" hits="247"></line>
                <line number="69" hits="306"></line>
                <line number="70" hits="59"></line>
                <line number="71" hits="69"></line>
                <line number="72" hits="10"></line>
                <line number="73" hits="10"></line>
                <line number="76" hits="59"></line>
                <line number="77" hits="202"></line>
                <line number="78" hits="16"></line>
                <line number="79" hits="2"></line>
                <line number="80" hits="14"></line>
                <line number="81" hits="12"></line>
                <line number="82" hits="12"></line>
                <line number="84" hits="14"></line>
                <line number="85" hits="234"></line>
                <line number="86" hits="60"></line>
                <line number="87" hits="60"></line>
                <line number="88" hits="60"></line>
                <line number="89" hits="247"></line>
                <line number="91" hits="122"></line>
              </lines>
            </method>
            <method name="TitleFirstWord" signature="" line-rate="1" branch-rate="0" complexity="0">
              <lines>
                <line number="161" hits="92"></line>
                <line number="162" hits="93"></line>
                <line number="163" hits="1"></line>
                <line number="164" hits="1"></line>
                <line number="166" hits="91"></line>
                <line number="167" hits="91"></line>
                <line number="168" hits="91"></line>
                <line number="169" hits="91"></line>
              </lines>
            </method>
            <method name="UntitleFirstWord" signature="" line-rate="1" branch-rate="0" complexity="0">
              <lines>
                <line number="173" hits="5"></line>
                <line number="174" hits="6"></line>
                <line number="175" hits="1"></line>
                <line number="176" hits="1"></line>
                <line number="178" hits="4"></line>
                <line number="179" hits="4"></line>
                <line number="180" hits="4"></line>
                <line number="181" hits="4"></line>
                <line number="182" hits="4"></line>
                <line number="183" hits="7"></line>
                <line number="184" hits="3"></line>
                <line number="185" hits="3"></line>
                <line number="187" hits="4"></line>
              </lines>
            </method>
            <method name="lowerCaseFirstLetterOrAcronyms" signature="" line-rate="1" branch-rate="0" complexity="0">
              <lines>
                <line number="191" hits="52"></line>
                <line number="192" hits="52"></line>
                <line number="193" hits="53"></line>
                <line number="194" hits="1"></line>
                <line number="195" hits="1"></line>
                <line number="197" hits="85"></line>
                <line number="198" hits="34"></line>
                <line number="199" hits="37"></line>
                <line number="200" hits="3"></line>
                <line number="201" hits="3"></line>
                <line number="204" hits="51"></line>
                <line number="205" hits="51"></line>
                <line number="206" hits="51"></line>
              </lines>
            </method>
          </methods>
          <lines>
            <line number="9" hits="84"></line>
            <line number="10" hits="84"></line>
            <line number="11" hits="84"></line>
            <line number="14" hits="42"></line>
            <line number="15" hits="42"></line>
            <line number="16" hits="42"></line>
            <line number="19" hits="126"></line>
            <line number="20" hits="126"></line>
            <line number="21" hits="126"></line>
            <line number="22" hits="126"></line>
            <line number="23" hits="126"></line>
            <line number="24" hits="126"></line>
            <line number="25" hits="0"></line>
            <line number="26" hits="0"></line>
            <line number="27" hits="126"></line>
            <line number="28" hits="373"></line>
            <line number="29" hits="369"></line>
            <line number="30" hits="122"></line>
            <line number="31" hits="122"></line>
            <line number="34" hits="130"></line>
            <line number="35" hits="4"></line>
            <line number="36" hits="4"></line>
            <line number="40" hits="122"></line>
            <line number="41" hits="122"></line>
            <line number="42" hits="929"></line>
            <line number="43" hits="807"></line>
            <line number="44" hits="807"></line>
            <line number="45" hits="116"></line>
            <line number="46" hits="116"></line>
            <line number="47" hits="78"></line>
            <line number="48" hits="78"></line>
            <line number="49" hits="78"></line>
            <line number="50" hits="99"></line>
            <line number="51" hits="21"></line>
            <line number="52" hits="21"></line>
            <line number="53" hits="90"></line>
            <line number="54" hits="12"></line>
            <line number="55" hits="12"></line>
            <line number="56" hits="78"></line>
            <line number="57" hits="78"></line>
            <line number="58" hits="53"></line>
            <line number="59" hits="53"></line>
            <line number="61" hits="807"></line>
            <line number="62" hits="1367"></line>
            <line number="63" hits="560"></line>
            <line number="67" hits="247"></line>
            <line number="68" hits="247"></line>
            <line number="69" hits="306"></line>
            <line number="70" hits="59"></line>
            <line number="71" hits="69"></line>
            <line number="72" hits="10"></line>
            <line number="73" hits="10"></line>
            <line number="76" hits="59"></line>
            <line number="77" hits="202"></line>
            <line number="78" hits="16"></line>
            <line number="79" hits="2"></line>
            <line number="80" hits="14"></line>
            <line number="81" hits="12"></line>
            <line number="82" hits="12"></line>
            <line number="84" hits="14"></line>
            <line number="85" hits="234"></line>
            <line number="86" hits="60"></line>
            <line number="87" hits="60"></line>
            <line number="88" hits="60"></line>
            <line number="89" hits="247"></line>
            <line number="91" hits="122"></line>
            <line number="161" hits="92"></line>
            <line number="162" hits="93"></line>
            <line number="163" hits="1"></line>
            <line number="164" hits="1"></line>
            <line number="166" hits="91"></line>
            <line number="167" hits="91"></line>
            <line number="168" hits="91"></line>
            <line number="169" hits="91"></line>
            <line number="173" hits="5"></line>
            <line number="174" hits="6"></line>
            <line number="175" hits="1"></line>
            <line number="176" hits="1"></line>
            <line number="178" hits="4"></line>
            <line number="179" hits="4"></line>
            <line number="180" hits="4"></line>
            <line number="181" hits="4"></line>
            <line number="182" hits="4"></line>
            <line number="183" hits="7"></line>
            <line number="184" hits="3"></line>
            <line number="185" hits="3"></line>
            <line number="187" hits="4"></line>
            <line number="191" hits="52"></line>
            <line number="192" hits="52"></line>
            <line number="193" hits="53"></line>
            <line number="194" hits="1"></line>
            <line number="195" hits="1"></line>
            <line number="197" hits="85"></line>
            <line number="198" hits="34"></line>
            <line number="199" hits="37"></line>
            <line number="200" hits="3"></line>
            <line number="201" hits="3"></line>
            <line number="204" hits="51"></line>
            <line number="205" hits="51"></line>
            <line number="206" hits="51"></line>
          </lines>
        </class>
        <class name="-" filename="strcase/kebab.go" line-rate="0.5" branch-rate="0" complexity="0">
          <methods>
            <method name="ToKebab" signature="" line-rate="1" branch-rate="0" complexity="0">
              <lines>
                <line number="6" hits="17"></line>
                <line number="7" hits="17"></line>
                <line number="8" hits="17"></line>
              </lines>
            </method>
            <method name="ToSpace" signature="" line-rate="0" branch-rate="0" complexity="0">
              <lines>
                <line number="11" hits="0"></line>
                <line number="12" hits="0"></line>
                <line number="13" hits="0"></line>
              </lines>
            </method>
          </methods>
          <lines>
            <line number="6" hits="17"></line>
            <line number="7" hits="17"></line>
            <line number="8" hits="17"></line>
            <line number="11" hits="0"></line>
            <line number="12" hits="0"></line>
            <line number="13" hits="0"></line>
          </lines>
        </class>
        <class name="-" filename="strcase/number.go" line-rate="1" branch-rate="0" complexity="0">
          <methods>
            <method name="addWordBoundariesToNumbers" signature="" line-rate="1" branch-rate="0" complexity="0">
              <lines>
                <line number="12" hits="12"></line>
                <line number="13" hits="12"></line>
                <line number="14" hits="12"></line>
                <line number="15" hits="12"></line>
                <line number="16" hits="12"></line>
              </lines>
            </method>
          </methods>
          <lines>
            <line number="12" hits="12"></line>
            <line number="13" hits="12"></line>
            <line number="14" hits="12"></line>
            <line number="15" hits="12"></line>
            <line number="16" hits="12"></line>
          </lines>
        </class>
        <class name="-" filename="strcase/pascal.go" line-rate="1" branch-rate="0" complexity="0">
          <methods>
            <method name="toPascalInitCase" signature="" line-rate="1" branch-rate="0" complexity="0">
              <lines>
                <line number="6" hits="12"></line>
                <line number="7" hits="12"></line>
                <line number="8" hits="12"></line>
                <line number="9" hits="12"></line>
                <line number="10" hits="12"></line>
                <line number="11" hits="139"></line>
                <line number="12" hits="134"></line>
                <line number="13" hits="7"></line>
                <line number="14" hits="7"></line>
                <line number="15" hits="133"></line>
                <line number="16" hits="6"></line>
                <line number="17" hits="6"></line>
                <line number="18" hits="225"></line>
                <line number="19" hits="115"></line>
                <line number="20" hits="17"></line>
                <line number="21" hits="98"></line>
                <line number="22" hits="81"></line>
                <line number="23" hits="81"></line>
                <line number="25" hits="143"></line>
                <line number="26" hits="16"></line>
                <line number="27" hits="127"></line>
                <line number="28" hits="111"></line>
                <line number="29" hits="111"></line>
                <line number="31" hits="12"></line>
              </lines>
            </method>
            <method name="ToPascal" signature="" line-rate="1" branch-rate="0" complexity="0">
              <lines>
                <line number="34" hits="9"></line>
                <line number="35" hits="9"></line>
                <line number="36" hits="9"></line>
              </lines>
            </method>
          </methods>
          <lines>
            <line number="6" hits="12"></line>
            <line number="7" hits="12"></line>
            <line number="8" hits="12"></line>
            <line number="9" hits="12"></line>
            <line number="10" hits="12"></line>
            <line number="11" hits="139"></line>
            <line number="12" hits="134"></line>
            <line number="13" hits="7"></line>
            <line number="14" hits="7"></line>
            <line number="15" hits="133"></line>
            <line number="16" hits="6"></line>
            <line number="17" hits="6"></line>
            <line number="18" hits="225"></line>
            <line number="19" hits="115"></line>
            <line number="20" hits="17"></line>
            <line number="21" hits="98"></line>
            <line number="22" hits="81"></line>
            <line number="23" hits="81"></line>
            <line number="25" hits="143"></line>
            <line number="26" hits="16"></line>
            <line number="27" hits="127"></line>
            <line number="28" hits="111"></line>
            <line number="29" hits="111"></line>
            <line number="31" hits="12"></line>
            <line number="34" hits="9"></line>
            <line number="35" hits="9"></line>
            <line number="36" hits="9"></line>
          </lines>
        </class>
        <class name="-" filename="strcase/snake.go" line-rate="1" branch-rate="0" complexity="0">
          <methods>
            <method name="ToSnake" signature="" line-rate="1" branch-rate="0" complexity="0">
              <lines>
                <line number="8" hits="38"></line>
                <line number="9" hits="38"></line>
                <line number="10" hits="38"></line>
                <line number="11" hits="359"></line>
                <line number="12" hits="321"></line>
                <line number="13" hits="321"></line>
                <line number="14" hits="606"></line>
                <line number="15" hits="285"></line>
                <line number="16" hits="344"></line>
                <line number="17" hits="59"></line>
                <line number="18" hits="59"></line>
                <line number="21" hits="321"></line>
                <line number="22" hits="21"></line>
                <line number="23" hits="25"></line>
                <line number="24" hits="4"></line>
                <line number="25" hits="38"></line>
                <line number="26" hits="17"></line>
                <line number="27" hits="17"></line>
                <line number="28" hits="11"></line>
                <line number="29" hits="11"></line>
                <line number="30" hits="289"></line>
                <line number="31" hits="289"></line>
                <line number="34" hits="38"></line>
                <line number="35" hits="38"></line>
              </lines>
            </method>
          </methods>
          <lines>
            <line number="8" hits="38"></line>
            <line number="9" hits="38"></line>
            <line number="10" hits="38"></line>
            <line number="11" hits="359"></line>
            <line number="12" hits="321"></line>
            <line number="13" hits="321"></line>
            <line number="14" hits="606"></line>
            <line number="15" hits="285"></line>
            <line number="16" hits="344"></line>
            <line number="17" hits="59"></line>
            <line number="18" hits="59"></line>
            <line number="21" hits="321"></line>
            <line number="22" hits="21"></line>
            <line number="23" hits="25"></line>
            <line number="24" hits="4"></line>
            <line number="25" hits="38"></line>
            <line number="26" hits="17"></line>
            <line number="27" hits="17"></line>
            <line number="28" hits="11"></line>
            <line number="29" hits="11"></line>
            <line number="30" hits="289"></line>
            <line number="31" hits="289"></line>
            <line number="34" hits="38"></line>
            <line number="35" hits="38"></line>
          </lines>
        </class>
      </classes>
    </package>
  </packages>
</coverage>
